The system is: Linux - 4.19.95-rt38-v7 - armv7l
Compiling the C compiler identification source file "CMakeCCompilerId.c" succeeded.
Compiler: /usr/bin/cc 
Build flags: 
Id flags:  

The output was:
0


Compilation of the C compiler identification source "CMakeCCompilerId.c" produced "a.out"

The C compiler identification is GNU, found in "/home/pi/4diac/build/CMakeFiles/3.21.1/CompilerIdC/a.out"

Compiling the CXX compiler identification source file "CMakeCXXCompilerId.cpp" succeeded.
Compiler: /usr/bin/c++ 
Build flags: 
Id flags:  

The output was:
0


Compilation of the CXX compiler identification source "CMakeCXXCompilerId.cpp" produced "a.out"

The CXX compiler identification is GNU, found in "/home/pi/4diac/build/CMakeFiles/3.21.1/CompilerIdCXX/a.out"

Detecting C compiler ABI info compiled with the following output:
Change Dir: /home/pi/4diac/build/CMakeFiles/CMakeTmp

Run Build Command(s):/usr/bin/make -f Makefile cmTC_e1450/fast && /usr/bin/make  -f CMakeFiles/cmTC_e1450.dir/build.make CMakeFiles/cmTC_e1450.dir/build
make[1]: Entering directory '/home/pi/4diac/build/CMakeFiles/CMakeTmp'
Building C object CMakeFiles/cmTC_e1450.dir/CMakeCCompilerABI.c.o
/usr/bin/cc   -v -o CMakeFiles/cmTC_e1450.dir/CMakeCCompilerABI.c.o -c /snap/cmake/920/share/cmake-3.21/Modules/CMakeCCompilerABI.c
Using built-in specs.
COLLECT_GCC=/usr/bin/cc
Target: arm-linux-gnueabihf
Configured with: ../src/configure -v --with-pkgversion='Raspbian 6.3.0-18+rpi1+deb9u1' --with-bugurl=file:///usr/share/doc/gcc-6/README.Bugs --enable-languages=c,ada,c++,java,go,d,fortran,objc,obj-c++ --prefix=/usr --program-suffix=-6 --program-prefix=arm-linux-gnueabihf- --enable-shared --enable-linker-build-id --libexecdir=/usr/lib --without-included-gettext --enable-threads=posix --libdir=/usr/lib --enable-nls --with-sysroot=/ --enable-clocale=gnu --enable-libstdcxx-debug --enable-libstdcxx-time=yes --with-default-libstdcxx-abi=new --enable-gnu-unique-object --disable-libitm --disable-libquadmath --enable-plugin --with-system-zlib --disable-browser-plugin --enable-java-awt=gtk --enable-gtk-cairo --with-java-home=/usr/lib/jvm/java-1.5.0-gcj-6-armhf/jre --enable-java-home --with-jvm-root-dir=/usr/lib/jvm/java-1.5.0-gcj-6-armhf --with-jvm-jar-dir=/usr/lib/jvm-exports/java-1.5.0-gcj-6-armhf --with-arch-directory=arm --with-ecj-jar=/usr/share/java/eclipse-ecj.jar --with-target-system-zlib --enable-objc-gc=auto --enable-multiarch --disable-sjlj-exceptions --with-arch=armv6 --with-fpu=vfp --with-float=hard --enable-checking=release --build=arm-linux-gnueabihf --host=arm-linux-gnueabihf --target=arm-linux-gnueabihf
Thread model: posix
gcc version 6.3.0 20170516 (Raspbian 6.3.0-18+rpi1+deb9u1) 
COLLECT_GCC_OPTIONS='-v' '-o' 'CMakeFiles/cmTC_e1450.dir/CMakeCCompilerABI.c.o' '-c' '-march=armv6' '-mfloat-abi=hard' '-mfpu=vfp' '-mtls-dialect=gnu'
 /usr/lib/gcc/arm-linux-gnueabihf/6/cc1 -quiet -v -imultilib . -imultiarch arm-linux-gnueabihf /snap/cmake/920/share/cmake-3.21/Modules/CMakeCCompilerABI.c -quiet -dumpbase CMakeCCompilerABI.c -march=armv6 -mfloat-abi=hard -mfpu=vfp -mtls-dialect=gnu -auxbase-strip CMakeFiles/cmTC_e1450.dir/CMakeCCompilerABI.c.o -version -o /tmp/ccU4JrXy.s
GNU C11 (Raspbian 6.3.0-18+rpi1+deb9u1) version 6.3.0 20170516 (arm-linux-gnueabihf)
	compiled by GNU C version 6.3.0 20170516, GMP version 6.1.2, MPFR version 3.1.5, MPC version 1.0.3, isl version 0.15
GGC heuristics: --param ggc-min-expand=93 --param ggc-min-heapsize=118452
ignoring nonexistent directory "/usr/local/include/arm-linux-gnueabihf"
ignoring nonexistent directory "/usr/lib/gcc/arm-linux-gnueabihf/6/../../../../arm-linux-gnueabihf/include"
#include "..." search starts here:
#include <...> search starts here:
 /usr/lib/gcc/arm-linux-gnueabihf/6/include
 /usr/local/include
 /usr/lib/gcc/arm-linux-gnueabihf/6/include-fixed
 /usr/include/arm-linux-gnueabihf
 /usr/include
End of search list.
GNU C11 (Raspbian 6.3.0-18+rpi1+deb9u1) version 6.3.0 20170516 (arm-linux-gnueabihf)
	compiled by GNU C version 6.3.0 20170516, GMP version 6.1.2, MPFR version 3.1.5, MPC version 1.0.3, isl version 0.15
GGC heuristics: --param ggc-min-expand=93 --param ggc-min-heapsize=118452
Compiler executable checksum: 06e7ff733c4083cc9ddae86e30496f12
COLLECT_GCC_OPTIONS='-v' '-o' 'CMakeFiles/cmTC_e1450.dir/CMakeCCompilerABI.c.o' '-c' '-march=armv6' '-mfloat-abi=hard' '-mfpu=vfp' '-mtls-dialect=gnu'
 as -v -march=armv6 -mfloat-abi=hard -mfpu=vfp -meabi=5 -o CMakeFiles/cmTC_e1450.dir/CMakeCCompilerABI.c.o /tmp/ccU4JrXy.s
GNU assembler version 2.28 (arm-linux-gnueabihf) using BFD version (GNU Binutils for Raspbian) 2.28
COMPILER_PATH=/usr/lib/gcc/arm-linux-gnueabihf/6/:/usr/lib/gcc/arm-linux-gnueabihf/6/:/usr/lib/gcc/arm-linux-gnueabihf/:/usr/lib/gcc/arm-linux-gnueabihf/6/:/usr/lib/gcc/arm-linux-gnueabihf/
LIBRARY_PATH=/usr/lib/gcc/arm-linux-gnueabihf/6/:/usr/lib/gcc/arm-linux-gnueabihf/6/../../../arm-linux-gnueabihf/:/usr/lib/gcc/arm-linux-gnueabihf/6/../../../:/lib/arm-linux-gnueabihf/:/lib/:/usr/lib/arm-linux-gnueabihf/:/usr/lib/
COLLECT_GCC_OPTIONS='-v' '-o' 'CMakeFiles/cmTC_e1450.dir/CMakeCCompilerABI.c.o' '-c' '-march=armv6' '-mfloat-abi=hard' '-mfpu=vfp' '-mtls-dialect=gnu'
Linking C executable cmTC_e1450
/snap/cmake/920/bin/cmake -E cmake_link_script CMakeFiles/cmTC_e1450.dir/link.txt --verbose=1
/usr/bin/cc  -v -rdynamic CMakeFiles/cmTC_e1450.dir/CMakeCCompilerABI.c.o -o cmTC_e1450 
Using built-in specs.
COLLECT_GCC=/usr/bin/cc
COLLECT_LTO_WRAPPER=/usr/lib/gcc/arm-linux-gnueabihf/6/lto-wrapper
Target: arm-linux-gnueabihf
Configured with: ../src/configure -v --with-pkgversion='Raspbian 6.3.0-18+rpi1+deb9u1' --with-bugurl=file:///usr/share/doc/gcc-6/README.Bugs --enable-languages=c,ada,c++,java,go,d,fortran,objc,obj-c++ --prefix=/usr --program-suffix=-6 --program-prefix=arm-linux-gnueabihf- --enable-shared --enable-linker-build-id --libexecdir=/usr/lib --without-included-gettext --enable-threads=posix --libdir=/usr/lib --enable-nls --with-sysroot=/ --enable-clocale=gnu --enable-libstdcxx-debug --enable-libstdcxx-time=yes --with-default-libstdcxx-abi=new --enable-gnu-unique-object --disable-libitm --disable-libquadmath --enable-plugin --with-system-zlib --disable-browser-plugin --enable-java-awt=gtk --enable-gtk-cairo --with-java-home=/usr/lib/jvm/java-1.5.0-gcj-6-armhf/jre --enable-java-home --with-jvm-root-dir=/usr/lib/jvm/java-1.5.0-gcj-6-armhf --with-jvm-jar-dir=/usr/lib/jvm-exports/java-1.5.0-gcj-6-armhf --with-arch-directory=arm --with-ecj-jar=/usr/share/java/eclipse-ecj.jar --with-target-system-zlib --enable-objc-gc=auto --enable-multiarch --disable-sjlj-exceptions --with-arch=armv6 --with-fpu=vfp --with-float=hard --enable-checking=release --build=arm-linux-gnueabihf --host=arm-linux-gnueabihf --target=arm-linux-gnueabihf
Thread model: posix
gcc version 6.3.0 20170516 (Raspbian 6.3.0-18+rpi1+deb9u1) 
COMPILER_PATH=/usr/lib/gcc/arm-linux-gnueabihf/6/:/usr/lib/gcc/arm-linux-gnueabihf/6/:/usr/lib/gcc/arm-linux-gnueabihf/:/usr/lib/gcc/arm-linux-gnueabihf/6/:/usr/lib/gcc/arm-linux-gnueabihf/
LIBRARY_PATH=/usr/lib/gcc/arm-linux-gnueabihf/6/:/usr/lib/gcc/arm-linux-gnueabihf/6/../../../arm-linux-gnueabihf/:/usr/lib/gcc/arm-linux-gnueabihf/6/../../../:/lib/arm-linux-gnueabihf/:/lib/:/usr/lib/arm-linux-gnueabihf/:/usr/lib/
COLLECT_GCC_OPTIONS='-v' '-rdynamic' '-o' 'cmTC_e1450' '-march=armv6' '-mfloat-abi=hard' '-mfpu=vfp' '-mtls-dialect=gnu'
 /usr/lib/gcc/arm-linux-gnueabihf/6/collect2 -plugin /usr/lib/gcc/arm-linux-gnueabihf/6/liblto_plugin.so -plugin-opt=/usr/lib/gcc/arm-linux-gnueabihf/6/lto-wrapper -plugin-opt=-fresolution=/tmp/ccEhYyOK.res -plugin-opt=-pass-through=-lgcc -plugin-opt=-pass-through=-lgcc_s -plugin-opt=-pass-through=-lc -plugin-opt=-pass-through=-lgcc -plugin-opt=-pass-through=-lgcc_s --sysroot=/ --build-id --eh-frame-hdr -export-dynamic -dynamic-linker /lib/ld-linux-armhf.so.3 -X --hash-style=gnu -m armelf_linux_eabi -o cmTC_e1450 /usr/lib/gcc/arm-linux-gnueabihf/6/../../../arm-linux-gnueabihf/crt1.o /usr/lib/gcc/arm-linux-gnueabihf/6/../../../arm-linux-gnueabihf/crti.o /usr/lib/gcc/arm-linux-gnueabihf/6/crtbegin.o -L/usr/lib/gcc/arm-linux-gnueabihf/6 -L/usr/lib/gcc/arm-linux-gnueabihf/6/../../../arm-linux-gnueabihf -L/usr/lib/gcc/arm-linux-gnueabihf/6/../../.. -L/lib/arm-linux-gnueabihf -L/usr/lib/arm-linux-gnueabihf CMakeFiles/cmTC_e1450.dir/CMakeCCompilerABI.c.o -lgcc --as-needed -lgcc_s --no-as-needed -lc -lgcc --as-needed -lgcc_s --no-as-needed /usr/lib/gcc/arm-linux-gnueabihf/6/crtend.o /usr/lib/gcc/arm-linux-gnueabihf/6/../../../arm-linux-gnueabihf/crtn.o
COLLECT_GCC_OPTIONS='-v' '-rdynamic' '-o' 'cmTC_e1450' '-march=armv6' '-mfloat-abi=hard' '-mfpu=vfp' '-mtls-dialect=gnu'
make[1]: Leaving directory '/home/pi/4diac/build/CMakeFiles/CMakeTmp'



Parsed C implicit include dir info from above output: rv=done
  found start of include info
  found start of implicit include info
    add: [/usr/lib/gcc/arm-linux-gnueabihf/6/include]
    add: [/usr/local/include]
    add: [/usr/lib/gcc/arm-linux-gnueabihf/6/include-fixed]
    add: [/usr/include/arm-linux-gnueabihf]
    add: [/usr/include]
  end of search list found
  collapse include dir [/usr/lib/gcc/arm-linux-gnueabihf/6/include] ==> [/usr/lib/gcc/arm-linux-gnueabihf/6/include]
  collapse include dir [/usr/local/include] ==> [/usr/local/include]
  collapse include dir [/usr/lib/gcc/arm-linux-gnueabihf/6/include-fixed] ==> [/usr/lib/gcc/arm-linux-gnueabihf/6/include-fixed]
  collapse include dir [/usr/include/arm-linux-gnueabihf] ==> [/usr/include/arm-linux-gnueabihf]
  collapse include dir [/usr/include] ==> [/usr/include]
  implicit include dirs: [/usr/lib/gcc/arm-linux-gnueabihf/6/include;/usr/local/include;/usr/lib/gcc/arm-linux-gnueabihf/6/include-fixed;/usr/include/arm-linux-gnueabihf;/usr/include]


Parsed C implicit link information from above output:
  link line regex: [^( *|.*[/\])(ld|CMAKE_LINK_STARTFILE-NOTFOUND|([^/\]+-)?ld|collect2)[^/\]*( |$)]
  ignore line: [Change Dir: /home/pi/4diac/build/CMakeFiles/CMakeTmp]
  ignore line: []
  ignore line: [Run Build Command(s):/usr/bin/make -f Makefile cmTC_e1450/fast && /usr/bin/make  -f CMakeFiles/cmTC_e1450.dir/build.make CMakeFiles/cmTC_e1450.dir/build]
  ignore line: [make[1]: Entering directory '/home/pi/4diac/build/CMakeFiles/CMakeTmp']
  ignore line: [Building C object CMakeFiles/cmTC_e1450.dir/CMakeCCompilerABI.c.o]
  ignore line: [/usr/bin/cc   -v -o CMakeFiles/cmTC_e1450.dir/CMakeCCompilerABI.c.o -c /snap/cmake/920/share/cmake-3.21/Modules/CMakeCCompilerABI.c]
  ignore line: [Using built-in specs.]
  ignore line: [COLLECT_GCC=/usr/bin/cc]
  ignore line: [Target: arm-linux-gnueabihf]
  ignore line: [Configured with: ../src/configure -v --with-pkgversion='Raspbian 6.3.0-18+rpi1+deb9u1' --with-bugurl=file:///usr/share/doc/gcc-6/README.Bugs --enable-languages=c ada c++ java go d fortran objc obj-c++ --prefix=/usr --program-suffix=-6 --program-prefix=arm-linux-gnueabihf- --enable-shared --enable-linker-build-id --libexecdir=/usr/lib --without-included-gettext --enable-threads=posix --libdir=/usr/lib --enable-nls --with-sysroot=/ --enable-clocale=gnu --enable-libstdcxx-debug --enable-libstdcxx-time=yes --with-default-libstdcxx-abi=new --enable-gnu-unique-object --disable-libitm --disable-libquadmath --enable-plugin --with-system-zlib --disable-browser-plugin --enable-java-awt=gtk --enable-gtk-cairo --with-java-home=/usr/lib/jvm/java-1.5.0-gcj-6-armhf/jre --enable-java-home --with-jvm-root-dir=/usr/lib/jvm/java-1.5.0-gcj-6-armhf --with-jvm-jar-dir=/usr/lib/jvm-exports/java-1.5.0-gcj-6-armhf --with-arch-directory=arm --with-ecj-jar=/usr/share/java/eclipse-ecj.jar --with-target-system-zlib --enable-objc-gc=auto --enable-multiarch --disable-sjlj-exceptions --with-arch=armv6 --with-fpu=vfp --with-float=hard --enable-checking=release --build=arm-linux-gnueabihf --host=arm-linux-gnueabihf --target=arm-linux-gnueabihf]
  ignore line: [Thread model: posix]
  ignore line: [gcc version 6.3.0 20170516 (Raspbian 6.3.0-18+rpi1+deb9u1) ]
  ignore line: [COLLECT_GCC_OPTIONS='-v' '-o' 'CMakeFiles/cmTC_e1450.dir/CMakeCCompilerABI.c.o' '-c' '-march=armv6' '-mfloat-abi=hard' '-mfpu=vfp' '-mtls-dialect=gnu']
  ignore line: [ /usr/lib/gcc/arm-linux-gnueabihf/6/cc1 -quiet -v -imultilib . -imultiarch arm-linux-gnueabihf /snap/cmake/920/share/cmake-3.21/Modules/CMakeCCompilerABI.c -quiet -dumpbase CMakeCCompilerABI.c -march=armv6 -mfloat-abi=hard -mfpu=vfp -mtls-dialect=gnu -auxbase-strip CMakeFiles/cmTC_e1450.dir/CMakeCCompilerABI.c.o -version -o /tmp/ccU4JrXy.s]
  ignore line: [GNU C11 (Raspbian 6.3.0-18+rpi1+deb9u1) version 6.3.0 20170516 (arm-linux-gnueabihf)]
  ignore line: [	compiled by GNU C version 6.3.0 20170516  GMP version 6.1.2  MPFR version 3.1.5  MPC version 1.0.3  isl version 0.15]
  ignore line: [GGC heuristics: --param ggc-min-expand=93 --param ggc-min-heapsize=118452]
  ignore line: [ignoring nonexistent directory "/usr/local/include/arm-linux-gnueabihf"]
  ignore line: [ignoring nonexistent directory "/usr/lib/gcc/arm-linux-gnueabihf/6/../../../../arm-linux-gnueabihf/include"]
  ignore line: [#include "..." search starts here:]
  ignore line: [#include <...> search starts here:]
  ignore line: [ /usr/lib/gcc/arm-linux-gnueabihf/6/include]
  ignore line: [ /usr/local/include]
  ignore line: [ /usr/lib/gcc/arm-linux-gnueabihf/6/include-fixed]
  ignore line: [ /usr/include/arm-linux-gnueabihf]
  ignore line: [ /usr/include]
  ignore line: [End of search list.]
  ignore line: [GNU C11 (Raspbian 6.3.0-18+rpi1+deb9u1) version 6.3.0 20170516 (arm-linux-gnueabihf)]
  ignore line: [	compiled by GNU C version 6.3.0 20170516  GMP version 6.1.2  MPFR version 3.1.5  MPC version 1.0.3  isl version 0.15]
  ignore line: [GGC heuristics: --param ggc-min-expand=93 --param ggc-min-heapsize=118452]
  ignore line: [Compiler executable checksum: 06e7ff733c4083cc9ddae86e30496f12]
  ignore line: [COLLECT_GCC_OPTIONS='-v' '-o' 'CMakeFiles/cmTC_e1450.dir/CMakeCCompilerABI.c.o' '-c' '-march=armv6' '-mfloat-abi=hard' '-mfpu=vfp' '-mtls-dialect=gnu']
  ignore line: [ as -v -march=armv6 -mfloat-abi=hard -mfpu=vfp -meabi=5 -o CMakeFiles/cmTC_e1450.dir/CMakeCCompilerABI.c.o /tmp/ccU4JrXy.s]
  ignore line: [GNU assembler version 2.28 (arm-linux-gnueabihf) using BFD version (GNU Binutils for Raspbian) 2.28]
  ignore line: [COMPILER_PATH=/usr/lib/gcc/arm-linux-gnueabihf/6/:/usr/lib/gcc/arm-linux-gnueabihf/6/:/usr/lib/gcc/arm-linux-gnueabihf/:/usr/lib/gcc/arm-linux-gnueabihf/6/:/usr/lib/gcc/arm-linux-gnueabihf/]
  ignore line: [LIBRARY_PATH=/usr/lib/gcc/arm-linux-gnueabihf/6/:/usr/lib/gcc/arm-linux-gnueabihf/6/../../../arm-linux-gnueabihf/:/usr/lib/gcc/arm-linux-gnueabihf/6/../../../:/lib/arm-linux-gnueabihf/:/lib/:/usr/lib/arm-linux-gnueabihf/:/usr/lib/]
  ignore line: [COLLECT_GCC_OPTIONS='-v' '-o' 'CMakeFiles/cmTC_e1450.dir/CMakeCCompilerABI.c.o' '-c' '-march=armv6' '-mfloat-abi=hard' '-mfpu=vfp' '-mtls-dialect=gnu']
  ignore line: [Linking C executable cmTC_e1450]
  ignore line: [/snap/cmake/920/bin/cmake -E cmake_link_script CMakeFiles/cmTC_e1450.dir/link.txt --verbose=1]
  ignore line: [/usr/bin/cc  -v -rdynamic CMakeFiles/cmTC_e1450.dir/CMakeCCompilerABI.c.o -o cmTC_e1450 ]
  ignore line: [Using built-in specs.]
  ignore line: [COLLECT_GCC=/usr/bin/cc]
  ignore line: [COLLECT_LTO_WRAPPER=/usr/lib/gcc/arm-linux-gnueabihf/6/lto-wrapper]
  ignore line: [Target: arm-linux-gnueabihf]
  ignore line: [Configured with: ../src/configure -v --with-pkgversion='Raspbian 6.3.0-18+rpi1+deb9u1' --with-bugurl=file:///usr/share/doc/gcc-6/README.Bugs --enable-languages=c ada c++ java go d fortran objc obj-c++ --prefix=/usr --program-suffix=-6 --program-prefix=arm-linux-gnueabihf- --enable-shared --enable-linker-build-id --libexecdir=/usr/lib --without-included-gettext --enable-threads=posix --libdir=/usr/lib --enable-nls --with-sysroot=/ --enable-clocale=gnu --enable-libstdcxx-debug --enable-libstdcxx-time=yes --with-default-libstdcxx-abi=new --enable-gnu-unique-object --disable-libitm --disable-libquadmath --enable-plugin --with-system-zlib --disable-browser-plugin --enable-java-awt=gtk --enable-gtk-cairo --with-java-home=/usr/lib/jvm/java-1.5.0-gcj-6-armhf/jre --enable-java-home --with-jvm-root-dir=/usr/lib/jvm/java-1.5.0-gcj-6-armhf --with-jvm-jar-dir=/usr/lib/jvm-exports/java-1.5.0-gcj-6-armhf --with-arch-directory=arm --with-ecj-jar=/usr/share/java/eclipse-ecj.jar --with-target-system-zlib --enable-objc-gc=auto --enable-multiarch --disable-sjlj-exceptions --with-arch=armv6 --with-fpu=vfp --with-float=hard --enable-checking=release --build=arm-linux-gnueabihf --host=arm-linux-gnueabihf --target=arm-linux-gnueabihf]
  ignore line: [Thread model: posix]
  ignore line: [gcc version 6.3.0 20170516 (Raspbian 6.3.0-18+rpi1+deb9u1) ]
  ignore line: [COMPILER_PATH=/usr/lib/gcc/arm-linux-gnueabihf/6/:/usr/lib/gcc/arm-linux-gnueabihf/6/:/usr/lib/gcc/arm-linux-gnueabihf/:/usr/lib/gcc/arm-linux-gnueabihf/6/:/usr/lib/gcc/arm-linux-gnueabihf/]
  ignore line: [LIBRARY_PATH=/usr/lib/gcc/arm-linux-gnueabihf/6/:/usr/lib/gcc/arm-linux-gnueabihf/6/../../../arm-linux-gnueabihf/:/usr/lib/gcc/arm-linux-gnueabihf/6/../../../:/lib/arm-linux-gnueabihf/:/lib/:/usr/lib/arm-linux-gnueabihf/:/usr/lib/]
  ignore line: [COLLECT_GCC_OPTIONS='-v' '-rdynamic' '-o' 'cmTC_e1450' '-march=armv6' '-mfloat-abi=hard' '-mfpu=vfp' '-mtls-dialect=gnu']
  link line: [ /usr/lib/gcc/arm-linux-gnueabihf/6/collect2 -plugin /usr/lib/gcc/arm-linux-gnueabihf/6/liblto_plugin.so -plugin-opt=/usr/lib/gcc/arm-linux-gnueabihf/6/lto-wrapper -plugin-opt=-fresolution=/tmp/ccEhYyOK.res -plugin-opt=-pass-through=-lgcc -plugin-opt=-pass-through=-lgcc_s -plugin-opt=-pass-through=-lc -plugin-opt=-pass-through=-lgcc -plugin-opt=-pass-through=-lgcc_s --sysroot=/ --build-id --eh-frame-hdr -export-dynamic -dynamic-linker /lib/ld-linux-armhf.so.3 -X --hash-style=gnu -m armelf_linux_eabi -o cmTC_e1450 /usr/lib/gcc/arm-linux-gnueabihf/6/../../../arm-linux-gnueabihf/crt1.o /usr/lib/gcc/arm-linux-gnueabihf/6/../../../arm-linux-gnueabihf/crti.o /usr/lib/gcc/arm-linux-gnueabihf/6/crtbegin.o -L/usr/lib/gcc/arm-linux-gnueabihf/6 -L/usr/lib/gcc/arm-linux-gnueabihf/6/../../../arm-linux-gnueabihf -L/usr/lib/gcc/arm-linux-gnueabihf/6/../../.. -L/lib/arm-linux-gnueabihf -L/usr/lib/arm-linux-gnueabihf CMakeFiles/cmTC_e1450.dir/CMakeCCompilerABI.c.o -lgcc --as-needed -lgcc_s --no-as-needed -lc -lgcc --as-needed -lgcc_s --no-as-needed /usr/lib/gcc/arm-linux-gnueabihf/6/crtend.o /usr/lib/gcc/arm-linux-gnueabihf/6/../../../arm-linux-gnueabihf/crtn.o]
    arg [/usr/lib/gcc/arm-linux-gnueabihf/6/collect2] ==> ignore
    arg [-plugin] ==> ignore
    arg [/usr/lib/gcc/arm-linux-gnueabihf/6/liblto_plugin.so] ==> ignore
    arg [-plugin-opt=/usr/lib/gcc/arm-linux-gnueabihf/6/lto-wrapper] ==> ignore
    arg [-plugin-opt=-fresolution=/tmp/ccEhYyOK.res] ==> ignore
    arg [-plugin-opt=-pass-through=-lgcc] ==> ignore
    arg [-plugin-opt=-pass-through=-lgcc_s] ==> ignore
    arg [-plugin-opt=-pass-through=-lc] ==> ignore
    arg [-plugin-opt=-pass-through=-lgcc] ==> ignore
    arg [-plugin-opt=-pass-through=-lgcc_s] ==> ignore
    arg [--sysroot=/] ==> ignore
    arg [--build-id] ==> ignore
    arg [--eh-frame-hdr] ==> ignore
    arg [-export-dynamic] ==> ignore
    arg [-dynamic-linker] ==> ignore
    arg [/lib/ld-linux-armhf.so.3] ==> ignore
    arg [-X] ==> ignore
    arg [--hash-style=gnu] ==> ignore
    arg [-m] ==> ignore
    arg [armelf_linux_eabi] ==> ignore
    arg [-o] ==> ignore
    arg [cmTC_e1450] ==> ignore
    arg [/usr/lib/gcc/arm-linux-gnueabihf/6/../../../arm-linux-gnueabihf/crt1.o] ==> obj [/usr/lib/gcc/arm-linux-gnueabihf/6/../../../arm-linux-gnueabihf/crt1.o]
    arg [/usr/lib/gcc/arm-linux-gnueabihf/6/../../../arm-linux-gnueabihf/crti.o] ==> obj [/usr/lib/gcc/arm-linux-gnueabihf/6/../../../arm-linux-gnueabihf/crti.o]
    arg [/usr/lib/gcc/arm-linux-gnueabihf/6/crtbegin.o] ==> obj [/usr/lib/gcc/arm-linux-gnueabihf/6/crtbegin.o]
    arg [-L/usr/lib/gcc/arm-linux-gnueabihf/6] ==> dir [/usr/lib/gcc/arm-linux-gnueabihf/6]
    arg [-L/usr/lib/gcc/arm-linux-gnueabihf/6/../../../arm-linux-gnueabihf] ==> dir [/usr/lib/gcc/arm-linux-gnueabihf/6/../../../arm-linux-gnueabihf]
    arg [-L/usr/lib/gcc/arm-linux-gnueabihf/6/../../..] ==> dir [/usr/lib/gcc/arm-linux-gnueabihf/6/../../..]
    arg [-L/lib/arm-linux-gnueabihf] ==> dir [/lib/arm-linux-gnueabihf]
    arg [-L/usr/lib/arm-linux-gnueabihf] ==> dir [/usr/lib/arm-linux-gnueabihf]
    arg [CMakeFiles/cmTC_e1450.dir/CMakeCCompilerABI.c.o] ==> ignore
    arg [-lgcc] ==> lib [gcc]
    arg [--as-needed] ==> ignore
    arg [-lgcc_s] ==> lib [gcc_s]
    arg [--no-as-needed] ==> ignore
    arg [-lc] ==> lib [c]
    arg [-lgcc] ==> lib [gcc]
    arg [--as-needed] ==> ignore
    arg [-lgcc_s] ==> lib [gcc_s]
    arg [--no-as-needed] ==> ignore
    arg [/usr/lib/gcc/arm-linux-gnueabihf/6/crtend.o] ==> obj [/usr/lib/gcc/arm-linux-gnueabihf/6/crtend.o]
    arg [/usr/lib/gcc/arm-linux-gnueabihf/6/../../../arm-linux-gnueabihf/crtn.o] ==> obj [/usr/lib/gcc/arm-linux-gnueabihf/6/../../../arm-linux-gnueabihf/crtn.o]
  collapse obj [/usr/lib/gcc/arm-linux-gnueabihf/6/../../../arm-linux-gnueabihf/crt1.o] ==> [/usr/lib/arm-linux-gnueabihf/crt1.o]
  collapse obj [/usr/lib/gcc/arm-linux-gnueabihf/6/../../../arm-linux-gnueabihf/crti.o] ==> [/usr/lib/arm-linux-gnueabihf/crti.o]
  collapse obj [/usr/lib/gcc/arm-linux-gnueabihf/6/../../../arm-linux-gnueabihf/crtn.o] ==> [/usr/lib/arm-linux-gnueabihf/crtn.o]
  collapse library dir [/usr/lib/gcc/arm-linux-gnueabihf/6] ==> [/usr/lib/gcc/arm-linux-gnueabihf/6]
  collapse library dir [/usr/lib/gcc/arm-linux-gnueabihf/6/../../../arm-linux-gnueabihf] ==> [/usr/lib/arm-linux-gnueabihf]
  collapse library dir [/usr/lib/gcc/arm-linux-gnueabihf/6/../../..] ==> [/usr/lib]
  collapse library dir [/lib/arm-linux-gnueabihf] ==> [/lib/arm-linux-gnueabihf]
  collapse library dir [/usr/lib/arm-linux-gnueabihf] ==> [/usr/lib/arm-linux-gnueabihf]
  implicit libs: [gcc;gcc_s;c;gcc;gcc_s]
  implicit objs: [/usr/lib/arm-linux-gnueabihf/crt1.o;/usr/lib/arm-linux-gnueabihf/crti.o;/usr/lib/gcc/arm-linux-gnueabihf/6/crtbegin.o;/usr/lib/gcc/arm-linux-gnueabihf/6/crtend.o;/usr/lib/arm-linux-gnueabihf/crtn.o]
  implicit dirs: [/usr/lib/gcc/arm-linux-gnueabihf/6;/usr/lib/arm-linux-gnueabihf;/usr/lib;/lib/arm-linux-gnueabihf]
  implicit fwks: []


Detecting CXX compiler ABI info compiled with the following output:
Change Dir: /home/pi/4diac/build/CMakeFiles/CMakeTmp

Run Build Command(s):/usr/bin/make -f Makefile cmTC_68811/fast && /usr/bin/make  -f CMakeFiles/cmTC_68811.dir/build.make CMakeFiles/cmTC_68811.dir/build
make[1]: Entering directory '/home/pi/4diac/build/CMakeFiles/CMakeTmp'
Building CXX object CMakeFiles/cmTC_68811.dir/CMakeCXXCompilerABI.cpp.o
/usr/bin/c++   -v -o CMakeFiles/cmTC_68811.dir/CMakeCXXCompilerABI.cpp.o -c /snap/cmake/920/share/cmake-3.21/Modules/CMakeCXXCompilerABI.cpp
Using built-in specs.
COLLECT_GCC=/usr/bin/c++
Target: arm-linux-gnueabihf
Configured with: ../src/configure -v --with-pkgversion='Raspbian 6.3.0-18+rpi1+deb9u1' --with-bugurl=file:///usr/share/doc/gcc-6/README.Bugs --enable-languages=c,ada,c++,java,go,d,fortran,objc,obj-c++ --prefix=/usr --program-suffix=-6 --program-prefix=arm-linux-gnueabihf- --enable-shared --enable-linker-build-id --libexecdir=/usr/lib --without-included-gettext --enable-threads=posix --libdir=/usr/lib --enable-nls --with-sysroot=/ --enable-clocale=gnu --enable-libstdcxx-debug --enable-libstdcxx-time=yes --with-default-libstdcxx-abi=new --enable-gnu-unique-object --disable-libitm --disable-libquadmath --enable-plugin --with-system-zlib --disable-browser-plugin --enable-java-awt=gtk --enable-gtk-cairo --with-java-home=/usr/lib/jvm/java-1.5.0-gcj-6-armhf/jre --enable-java-home --with-jvm-root-dir=/usr/lib/jvm/java-1.5.0-gcj-6-armhf --with-jvm-jar-dir=/usr/lib/jvm-exports/java-1.5.0-gcj-6-armhf --with-arch-directory=arm --with-ecj-jar=/usr/share/java/eclipse-ecj.jar --with-target-system-zlib --enable-objc-gc=auto --enable-multiarch --disable-sjlj-exceptions --with-arch=armv6 --with-fpu=vfp --with-float=hard --enable-checking=release --build=arm-linux-gnueabihf --host=arm-linux-gnueabihf --target=arm-linux-gnueabihf
Thread model: posix
gcc version 6.3.0 20170516 (Raspbian 6.3.0-18+rpi1+deb9u1) 
COLLECT_GCC_OPTIONS='-v' '-o' 'CMakeFiles/cmTC_68811.dir/CMakeCXXCompilerABI.cpp.o' '-c' '-shared-libgcc' '-march=armv6' '-mfloat-abi=hard' '-mfpu=vfp' '-mtls-dialect=gnu'
 /usr/lib/gcc/arm-linux-gnueabihf/6/cc1plus -quiet -v -imultilib . -imultiarch arm-linux-gnueabihf -D_GNU_SOURCE /snap/cmake/920/share/cmake-3.21/Modules/CMakeCXXCompilerABI.cpp -quiet -dumpbase CMakeCXXCompilerABI.cpp -march=armv6 -mfloat-abi=hard -mfpu=vfp -mtls-dialect=gnu -auxbase-strip CMakeFiles/cmTC_68811.dir/CMakeCXXCompilerABI.cpp.o -version -o /tmp/ccPXGmGf.s
GNU C++14 (Raspbian 6.3.0-18+rpi1+deb9u1) version 6.3.0 20170516 (arm-linux-gnueabihf)
	compiled by GNU C version 6.3.0 20170516, GMP version 6.1.2, MPFR version 3.1.5, MPC version 1.0.3, isl version 0.15
GGC heuristics: --param ggc-min-expand=93 --param ggc-min-heapsize=118452
ignoring duplicate directory "/usr/include/arm-linux-gnueabihf/c++/6"
ignoring nonexistent directory "/usr/local/include/arm-linux-gnueabihf"
ignoring nonexistent directory "/usr/lib/gcc/arm-linux-gnueabihf/6/../../../../arm-linux-gnueabihf/include"
#include "..." search starts here:
#include <...> search starts here:
 /usr/include/c++/6
 /usr/include/arm-linux-gnueabihf/c++/6
 /usr/include/c++/6/backward
 /usr/lib/gcc/arm-linux-gnueabihf/6/include
 /usr/local/include
 /usr/lib/gcc/arm-linux-gnueabihf/6/include-fixed
 /usr/include/arm-linux-gnueabihf
 /usr/include
End of search list.
GNU C++14 (Raspbian 6.3.0-18+rpi1+deb9u1) version 6.3.0 20170516 (arm-linux-gnueabihf)
	compiled by GNU C version 6.3.0 20170516, GMP version 6.1.2, MPFR version 3.1.5, MPC version 1.0.3, isl version 0.15
GGC heuristics: --param ggc-min-expand=93 --param ggc-min-heapsize=118452
Compiler executable checksum: 79dca666fccaa96025c9107a8b3f60f3
COLLECT_GCC_OPTIONS='-v' '-o' 'CMakeFiles/cmTC_68811.dir/CMakeCXXCompilerABI.cpp.o' '-c' '-shared-libgcc' '-march=armv6' '-mfloat-abi=hard' '-mfpu=vfp' '-mtls-dialect=gnu'
 as -v -march=armv6 -mfloat-abi=hard -mfpu=vfp -meabi=5 -o CMakeFiles/cmTC_68811.dir/CMakeCXXCompilerABI.cpp.o /tmp/ccPXGmGf.s
GNU assembler version 2.28 (arm-linux-gnueabihf) using BFD version (GNU Binutils for Raspbian) 2.28
COMPILER_PATH=/usr/lib/gcc/arm-linux-gnueabihf/6/:/usr/lib/gcc/arm-linux-gnueabihf/6/:/usr/lib/gcc/arm-linux-gnueabihf/:/usr/lib/gcc/arm-linux-gnueabihf/6/:/usr/lib/gcc/arm-linux-gnueabihf/
LIBRARY_PATH=/usr/lib/gcc/arm-linux-gnueabihf/6/:/usr/lib/gcc/arm-linux-gnueabihf/6/../../../arm-linux-gnueabihf/:/usr/lib/gcc/arm-linux-gnueabihf/6/../../../:/lib/arm-linux-gnueabihf/:/lib/:/usr/lib/arm-linux-gnueabihf/:/usr/lib/
COLLECT_GCC_OPTIONS='-v' '-o' 'CMakeFiles/cmTC_68811.dir/CMakeCXXCompilerABI.cpp.o' '-c' '-shared-libgcc' '-march=armv6' '-mfloat-abi=hard' '-mfpu=vfp' '-mtls-dialect=gnu'
Linking CXX executable cmTC_68811
/snap/cmake/920/bin/cmake -E cmake_link_script CMakeFiles/cmTC_68811.dir/link.txt --verbose=1
/usr/bin/c++  -v -rdynamic CMakeFiles/cmTC_68811.dir/CMakeCXXCompilerABI.cpp.o -o cmTC_68811 
Using built-in specs.
COLLECT_GCC=/usr/bin/c++
COLLECT_LTO_WRAPPER=/usr/lib/gcc/arm-linux-gnueabihf/6/lto-wrapper
Target: arm-linux-gnueabihf
Configured with: ../src/configure -v --with-pkgversion='Raspbian 6.3.0-18+rpi1+deb9u1' --with-bugurl=file:///usr/share/doc/gcc-6/README.Bugs --enable-languages=c,ada,c++,java,go,d,fortran,objc,obj-c++ --prefix=/usr --program-suffix=-6 --program-prefix=arm-linux-gnueabihf- --enable-shared --enable-linker-build-id --libexecdir=/usr/lib --without-included-gettext --enable-threads=posix --libdir=/usr/lib --enable-nls --with-sysroot=/ --enable-clocale=gnu --enable-libstdcxx-debug --enable-libstdcxx-time=yes --with-default-libstdcxx-abi=new --enable-gnu-unique-object --disable-libitm --disable-libquadmath --enable-plugin --with-system-zlib --disable-browser-plugin --enable-java-awt=gtk --enable-gtk-cairo --with-java-home=/usr/lib/jvm/java-1.5.0-gcj-6-armhf/jre --enable-java-home --with-jvm-root-dir=/usr/lib/jvm/java-1.5.0-gcj-6-armhf --with-jvm-jar-dir=/usr/lib/jvm-exports/java-1.5.0-gcj-6-armhf --with-arch-directory=arm --with-ecj-jar=/usr/share/java/eclipse-ecj.jar --with-target-system-zlib --enable-objc-gc=auto --enable-multiarch --disable-sjlj-exceptions --with-arch=armv6 --with-fpu=vfp --with-float=hard --enable-checking=release --build=arm-linux-gnueabihf --host=arm-linux-gnueabihf --target=arm-linux-gnueabihf
Thread model: posix
gcc version 6.3.0 20170516 (Raspbian 6.3.0-18+rpi1+deb9u1) 
COMPILER_PATH=/usr/lib/gcc/arm-linux-gnueabihf/6/:/usr/lib/gcc/arm-linux-gnueabihf/6/:/usr/lib/gcc/arm-linux-gnueabihf/:/usr/lib/gcc/arm-linux-gnueabihf/6/:/usr/lib/gcc/arm-linux-gnueabihf/
LIBRARY_PATH=/usr/lib/gcc/arm-linux-gnueabihf/6/:/usr/lib/gcc/arm-linux-gnueabihf/6/../../../arm-linux-gnueabihf/:/usr/lib/gcc/arm-linux-gnueabihf/6/../../../:/lib/arm-linux-gnueabihf/:/lib/:/usr/lib/arm-linux-gnueabihf/:/usr/lib/
COLLECT_GCC_OPTIONS='-v' '-rdynamic' '-o' 'cmTC_68811' '-shared-libgcc' '-march=armv6' '-mfloat-abi=hard' '-mfpu=vfp' '-mtls-dialect=gnu'
 /usr/lib/gcc/arm-linux-gnueabihf/6/collect2 -plugin /usr/lib/gcc/arm-linux-gnueabihf/6/liblto_plugin.so -plugin-opt=/usr/lib/gcc/arm-linux-gnueabihf/6/lto-wrapper -plugin-opt=-fresolution=/tmp/ccAj5M9i.res -plugin-opt=-pass-through=-lgcc_s -plugin-opt=-pass-through=-lgcc -plugin-opt=-pass-through=-lc -plugin-opt=-pass-through=-lgcc_s -plugin-opt=-pass-through=-lgcc --sysroot=/ --build-id --eh-frame-hdr -export-dynamic -dynamic-linker /lib/ld-linux-armhf.so.3 -X --hash-style=gnu -m armelf_linux_eabi -o cmTC_68811 /usr/lib/gcc/arm-linux-gnueabihf/6/../../../arm-linux-gnueabihf/crt1.o /usr/lib/gcc/arm-linux-gnueabihf/6/../../../arm-linux-gnueabihf/crti.o /usr/lib/gcc/arm-linux-gnueabihf/6/crtbegin.o -L/usr/lib/gcc/arm-linux-gnueabihf/6 -L/usr/lib/gcc/arm-linux-gnueabihf/6/../../../arm-linux-gnueabihf -L/usr/lib/gcc/arm-linux-gnueabihf/6/../../.. -L/lib/arm-linux-gnueabihf -L/usr/lib/arm-linux-gnueabihf CMakeFiles/cmTC_68811.dir/CMakeCXXCompilerABI.cpp.o -lstdc++ -lm -lgcc_s -lgcc -lc -lgcc_s -lgcc /usr/lib/gcc/arm-linux-gnueabihf/6/crtend.o /usr/lib/gcc/arm-linux-gnueabihf/6/../../../arm-linux-gnueabihf/crtn.o
COLLECT_GCC_OPTIONS='-v' '-rdynamic' '-o' 'cmTC_68811' '-shared-libgcc' '-march=armv6' '-mfloat-abi=hard' '-mfpu=vfp' '-mtls-dialect=gnu'
make[1]: Leaving directory '/home/pi/4diac/build/CMakeFiles/CMakeTmp'



Parsed CXX implicit include dir info from above output: rv=done
  found start of include info
  found start of implicit include info
    add: [/usr/include/c++/6]
    add: [/usr/include/arm-linux-gnueabihf/c++/6]
    add: [/usr/include/c++/6/backward]
    add: [/usr/lib/gcc/arm-linux-gnueabihf/6/include]
    add: [/usr/local/include]
    add: [/usr/lib/gcc/arm-linux-gnueabihf/6/include-fixed]
    add: [/usr/include/arm-linux-gnueabihf]
    add: [/usr/include]
  end of search list found
  collapse include dir [/usr/include/c++/6] ==> [/usr/include/c++/6]
  collapse include dir [/usr/include/arm-linux-gnueabihf/c++/6] ==> [/usr/include/arm-linux-gnueabihf/c++/6]
  collapse include dir [/usr/include/c++/6/backward] ==> [/usr/include/c++/6/backward]
  collapse include dir [/usr/lib/gcc/arm-linux-gnueabihf/6/include] ==> [/usr/lib/gcc/arm-linux-gnueabihf/6/include]
  collapse include dir [/usr/local/include] ==> [/usr/local/include]
  collapse include dir [/usr/lib/gcc/arm-linux-gnueabihf/6/include-fixed] ==> [/usr/lib/gcc/arm-linux-gnueabihf/6/include-fixed]
  collapse include dir [/usr/include/arm-linux-gnueabihf] ==> [/usr/include/arm-linux-gnueabihf]
  collapse include dir [/usr/include] ==> [/usr/include]
  implicit include dirs: [/usr/include/c++/6;/usr/include/arm-linux-gnueabihf/c++/6;/usr/include/c++/6/backward;/usr/lib/gcc/arm-linux-gnueabihf/6/include;/usr/local/include;/usr/lib/gcc/arm-linux-gnueabihf/6/include-fixed;/usr/include/arm-linux-gnueabihf;/usr/include]


Parsed CXX implicit link information from above output:
  link line regex: [^( *|.*[/\])(ld|CMAKE_LINK_STARTFILE-NOTFOUND|([^/\]+-)?ld|collect2)[^/\]*( |$)]
  ignore line: [Change Dir: /home/pi/4diac/build/CMakeFiles/CMakeTmp]
  ignore line: []
  ignore line: [Run Build Command(s):/usr/bin/make -f Makefile cmTC_68811/fast && /usr/bin/make  -f CMakeFiles/cmTC_68811.dir/build.make CMakeFiles/cmTC_68811.dir/build]
  ignore line: [make[1]: Entering directory '/home/pi/4diac/build/CMakeFiles/CMakeTmp']
  ignore line: [Building CXX object CMakeFiles/cmTC_68811.dir/CMakeCXXCompilerABI.cpp.o]
  ignore line: [/usr/bin/c++   -v -o CMakeFiles/cmTC_68811.dir/CMakeCXXCompilerABI.cpp.o -c /snap/cmake/920/share/cmake-3.21/Modules/CMakeCXXCompilerABI.cpp]
  ignore line: [Using built-in specs.]
  ignore line: [COLLECT_GCC=/usr/bin/c++]
  ignore line: [Target: arm-linux-gnueabihf]
  ignore line: [Configured with: ../src/configure -v --with-pkgversion='Raspbian 6.3.0-18+rpi1+deb9u1' --with-bugurl=file:///usr/share/doc/gcc-6/README.Bugs --enable-languages=c ada c++ java go d fortran objc obj-c++ --prefix=/usr --program-suffix=-6 --program-prefix=arm-linux-gnueabihf- --enable-shared --enable-linker-build-id --libexecdir=/usr/lib --without-included-gettext --enable-threads=posix --libdir=/usr/lib --enable-nls --with-sysroot=/ --enable-clocale=gnu --enable-libstdcxx-debug --enable-libstdcxx-time=yes --with-default-libstdcxx-abi=new --enable-gnu-unique-object --disable-libitm --disable-libquadmath --enable-plugin --with-system-zlib --disable-browser-plugin --enable-java-awt=gtk --enable-gtk-cairo --with-java-home=/usr/lib/jvm/java-1.5.0-gcj-6-armhf/jre --enable-java-home --with-jvm-root-dir=/usr/lib/jvm/java-1.5.0-gcj-6-armhf --with-jvm-jar-dir=/usr/lib/jvm-exports/java-1.5.0-gcj-6-armhf --with-arch-directory=arm --with-ecj-jar=/usr/share/java/eclipse-ecj.jar --with-target-system-zlib --enable-objc-gc=auto --enable-multiarch --disable-sjlj-exceptions --with-arch=armv6 --with-fpu=vfp --with-float=hard --enable-checking=release --build=arm-linux-gnueabihf --host=arm-linux-gnueabihf --target=arm-linux-gnueabihf]
  ignore line: [Thread model: posix]
  ignore line: [gcc version 6.3.0 20170516 (Raspbian 6.3.0-18+rpi1+deb9u1) ]
  ignore line: [COLLECT_GCC_OPTIONS='-v' '-o' 'CMakeFiles/cmTC_68811.dir/CMakeCXXCompilerABI.cpp.o' '-c' '-shared-libgcc' '-march=armv6' '-mfloat-abi=hard' '-mfpu=vfp' '-mtls-dialect=gnu']
  ignore line: [ /usr/lib/gcc/arm-linux-gnueabihf/6/cc1plus -quiet -v -imultilib . -imultiarch arm-linux-gnueabihf -D_GNU_SOURCE /snap/cmake/920/share/cmake-3.21/Modules/CMakeCXXCompilerABI.cpp -quiet -dumpbase CMakeCXXCompilerABI.cpp -march=armv6 -mfloat-abi=hard -mfpu=vfp -mtls-dialect=gnu -auxbase-strip CMakeFiles/cmTC_68811.dir/CMakeCXXCompilerABI.cpp.o -version -o /tmp/ccPXGmGf.s]
  ignore line: [GNU C++14 (Raspbian 6.3.0-18+rpi1+deb9u1) version 6.3.0 20170516 (arm-linux-gnueabihf)]
  ignore line: [	compiled by GNU C version 6.3.0 20170516  GMP version 6.1.2  MPFR version 3.1.5  MPC version 1.0.3  isl version 0.15]
  ignore line: [GGC heuristics: --param ggc-min-expand=93 --param ggc-min-heapsize=118452]
  ignore line: [ignoring duplicate directory "/usr/include/arm-linux-gnueabihf/c++/6"]
  ignore line: [ignoring nonexistent directory "/usr/local/include/arm-linux-gnueabihf"]
  ignore line: [ignoring nonexistent directory "/usr/lib/gcc/arm-linux-gnueabihf/6/../../../../arm-linux-gnueabihf/include"]
  ignore line: [#include "..." search starts here:]
  ignore line: [#include <...> search starts here:]
  ignore line: [ /usr/include/c++/6]
  ignore line: [ /usr/include/arm-linux-gnueabihf/c++/6]
  ignore line: [ /usr/include/c++/6/backward]
  ignore line: [ /usr/lib/gcc/arm-linux-gnueabihf/6/include]
  ignore line: [ /usr/local/include]
  ignore line: [ /usr/lib/gcc/arm-linux-gnueabihf/6/include-fixed]
  ignore line: [ /usr/include/arm-linux-gnueabihf]
  ignore line: [ /usr/include]
  ignore line: [End of search list.]
  ignore line: [GNU C++14 (Raspbian 6.3.0-18+rpi1+deb9u1) version 6.3.0 20170516 (arm-linux-gnueabihf)]
  ignore line: [	compiled by GNU C version 6.3.0 20170516  GMP version 6.1.2  MPFR version 3.1.5  MPC version 1.0.3  isl version 0.15]
  ignore line: [GGC heuristics: --param ggc-min-expand=93 --param ggc-min-heapsize=118452]
  ignore line: [Compiler executable checksum: 79dca666fccaa96025c9107a8b3f60f3]
  ignore line: [COLLECT_GCC_OPTIONS='-v' '-o' 'CMakeFiles/cmTC_68811.dir/CMakeCXXCompilerABI.cpp.o' '-c' '-shared-libgcc' '-march=armv6' '-mfloat-abi=hard' '-mfpu=vfp' '-mtls-dialect=gnu']
  ignore line: [ as -v -march=armv6 -mfloat-abi=hard -mfpu=vfp -meabi=5 -o CMakeFiles/cmTC_68811.dir/CMakeCXXCompilerABI.cpp.o /tmp/ccPXGmGf.s]
  ignore line: [GNU assembler version 2.28 (arm-linux-gnueabihf) using BFD version (GNU Binutils for Raspbian) 2.28]
  ignore line: [COMPILER_PATH=/usr/lib/gcc/arm-linux-gnueabihf/6/:/usr/lib/gcc/arm-linux-gnueabihf/6/:/usr/lib/gcc/arm-linux-gnueabihf/:/usr/lib/gcc/arm-linux-gnueabihf/6/:/usr/lib/gcc/arm-linux-gnueabihf/]
  ignore line: [LIBRARY_PATH=/usr/lib/gcc/arm-linux-gnueabihf/6/:/usr/lib/gcc/arm-linux-gnueabihf/6/../../../arm-linux-gnueabihf/:/usr/lib/gcc/arm-linux-gnueabihf/6/../../../:/lib/arm-linux-gnueabihf/:/lib/:/usr/lib/arm-linux-gnueabihf/:/usr/lib/]
  ignore line: [COLLECT_GCC_OPTIONS='-v' '-o' 'CMakeFiles/cmTC_68811.dir/CMakeCXXCompilerABI.cpp.o' '-c' '-shared-libgcc' '-march=armv6' '-mfloat-abi=hard' '-mfpu=vfp' '-mtls-dialect=gnu']
  ignore line: [Linking CXX executable cmTC_68811]
  ignore line: [/snap/cmake/920/bin/cmake -E cmake_link_script CMakeFiles/cmTC_68811.dir/link.txt --verbose=1]
  ignore line: [/usr/bin/c++  -v -rdynamic CMakeFiles/cmTC_68811.dir/CMakeCXXCompilerABI.cpp.o -o cmTC_68811 ]
  ignore line: [Using built-in specs.]
  ignore line: [COLLECT_GCC=/usr/bin/c++]
  ignore line: [COLLECT_LTO_WRAPPER=/usr/lib/gcc/arm-linux-gnueabihf/6/lto-wrapper]
  ignore line: [Target: arm-linux-gnueabihf]
  ignore line: [Configured with: ../src/configure -v --with-pkgversion='Raspbian 6.3.0-18+rpi1+deb9u1' --with-bugurl=file:///usr/share/doc/gcc-6/README.Bugs --enable-languages=c ada c++ java go d fortran objc obj-c++ --prefix=/usr --program-suffix=-6 --program-prefix=arm-linux-gnueabihf- --enable-shared --enable-linker-build-id --libexecdir=/usr/lib --without-included-gettext --enable-threads=posix --libdir=/usr/lib --enable-nls --with-sysroot=/ --enable-clocale=gnu --enable-libstdcxx-debug --enable-libstdcxx-time=yes --with-default-libstdcxx-abi=new --enable-gnu-unique-object --disable-libitm --disable-libquadmath --enable-plugin --with-system-zlib --disable-browser-plugin --enable-java-awt=gtk --enable-gtk-cairo --with-java-home=/usr/lib/jvm/java-1.5.0-gcj-6-armhf/jre --enable-java-home --with-jvm-root-dir=/usr/lib/jvm/java-1.5.0-gcj-6-armhf --with-jvm-jar-dir=/usr/lib/jvm-exports/java-1.5.0-gcj-6-armhf --with-arch-directory=arm --with-ecj-jar=/usr/share/java/eclipse-ecj.jar --with-target-system-zlib --enable-objc-gc=auto --enable-multiarch --disable-sjlj-exceptions --with-arch=armv6 --with-fpu=vfp --with-float=hard --enable-checking=release --build=arm-linux-gnueabihf --host=arm-linux-gnueabihf --target=arm-linux-gnueabihf]
  ignore line: [Thread model: posix]
  ignore line: [gcc version 6.3.0 20170516 (Raspbian 6.3.0-18+rpi1+deb9u1) ]
  ignore line: [COMPILER_PATH=/usr/lib/gcc/arm-linux-gnueabihf/6/:/usr/lib/gcc/arm-linux-gnueabihf/6/:/usr/lib/gcc/arm-linux-gnueabihf/:/usr/lib/gcc/arm-linux-gnueabihf/6/:/usr/lib/gcc/arm-linux-gnueabihf/]
  ignore line: [LIBRARY_PATH=/usr/lib/gcc/arm-linux-gnueabihf/6/:/usr/lib/gcc/arm-linux-gnueabihf/6/../../../arm-linux-gnueabihf/:/usr/lib/gcc/arm-linux-gnueabihf/6/../../../:/lib/arm-linux-gnueabihf/:/lib/:/usr/lib/arm-linux-gnueabihf/:/usr/lib/]
  ignore line: [COLLECT_GCC_OPTIONS='-v' '-rdynamic' '-o' 'cmTC_68811' '-shared-libgcc' '-march=armv6' '-mfloat-abi=hard' '-mfpu=vfp' '-mtls-dialect=gnu']
  link line: [ /usr/lib/gcc/arm-linux-gnueabihf/6/collect2 -plugin /usr/lib/gcc/arm-linux-gnueabihf/6/liblto_plugin.so -plugin-opt=/usr/lib/gcc/arm-linux-gnueabihf/6/lto-wrapper -plugin-opt=-fresolution=/tmp/ccAj5M9i.res -plugin-opt=-pass-through=-lgcc_s -plugin-opt=-pass-through=-lgcc -plugin-opt=-pass-through=-lc -plugin-opt=-pass-through=-lgcc_s -plugin-opt=-pass-through=-lgcc --sysroot=/ --build-id --eh-frame-hdr -export-dynamic -dynamic-linker /lib/ld-linux-armhf.so.3 -X --hash-style=gnu -m armelf_linux_eabi -o cmTC_68811 /usr/lib/gcc/arm-linux-gnueabihf/6/../../../arm-linux-gnueabihf/crt1.o /usr/lib/gcc/arm-linux-gnueabihf/6/../../../arm-linux-gnueabihf/crti.o /usr/lib/gcc/arm-linux-gnueabihf/6/crtbegin.o -L/usr/lib/gcc/arm-linux-gnueabihf/6 -L/usr/lib/gcc/arm-linux-gnueabihf/6/../../../arm-linux-gnueabihf -L/usr/lib/gcc/arm-linux-gnueabihf/6/../../.. -L/lib/arm-linux-gnueabihf -L/usr/lib/arm-linux-gnueabihf CMakeFiles/cmTC_68811.dir/CMakeCXXCompilerABI.cpp.o -lstdc++ -lm -lgcc_s -lgcc -lc -lgcc_s -lgcc /usr/lib/gcc/arm-linux-gnueabihf/6/crtend.o /usr/lib/gcc/arm-linux-gnueabihf/6/../../../arm-linux-gnueabihf/crtn.o]
    arg [/usr/lib/gcc/arm-linux-gnueabihf/6/collect2] ==> ignore
    arg [-plugin] ==> ignore
    arg [/usr/lib/gcc/arm-linux-gnueabihf/6/liblto_plugin.so] ==> ignore
    arg [-plugin-opt=/usr/lib/gcc/arm-linux-gnueabihf/6/lto-wrapper] ==> ignore
    arg [-plugin-opt=-fresolution=/tmp/ccAj5M9i.res] ==> ignore
    arg [-plugin-opt=-pass-through=-lgcc_s] ==> ignore
    arg [-plugin-opt=-pass-through=-lgcc] ==> ignore
    arg [-plugin-opt=-pass-through=-lc] ==> ignore
    arg [-plugin-opt=-pass-through=-lgcc_s] ==> ignore
    arg [-plugin-opt=-pass-through=-lgcc] ==> ignore
    arg [--sysroot=/] ==> ignore
    arg [--build-id] ==> ignore
    arg [--eh-frame-hdr] ==> ignore
    arg [-export-dynamic] ==> ignore
    arg [-dynamic-linker] ==> ignore
    arg [/lib/ld-linux-armhf.so.3] ==> ignore
    arg [-X] ==> ignore
    arg [--hash-style=gnu] ==> ignore
    arg [-m] ==> ignore
    arg [armelf_linux_eabi] ==> ignore
    arg [-o] ==> ignore
    arg [cmTC_68811] ==> ignore
    arg [/usr/lib/gcc/arm-linux-gnueabihf/6/../../../arm-linux-gnueabihf/crt1.o] ==> obj [/usr/lib/gcc/arm-linux-gnueabihf/6/../../../arm-linux-gnueabihf/crt1.o]
    arg [/usr/lib/gcc/arm-linux-gnueabihf/6/../../../arm-linux-gnueabihf/crti.o] ==> obj [/usr/lib/gcc/arm-linux-gnueabihf/6/../../../arm-linux-gnueabihf/crti.o]
    arg [/usr/lib/gcc/arm-linux-gnueabihf/6/crtbegin.o] ==> obj [/usr/lib/gcc/arm-linux-gnueabihf/6/crtbegin.o]
    arg [-L/usr/lib/gcc/arm-linux-gnueabihf/6] ==> dir [/usr/lib/gcc/arm-linux-gnueabihf/6]
    arg [-L/usr/lib/gcc/arm-linux-gnueabihf/6/../../../arm-linux-gnueabihf] ==> dir [/usr/lib/gcc/arm-linux-gnueabihf/6/../../../arm-linux-gnueabihf]
    arg [-L/usr/lib/gcc/arm-linux-gnueabihf/6/../../..] ==> dir [/usr/lib/gcc/arm-linux-gnueabihf/6/../../..]
    arg [-L/lib/arm-linux-gnueabihf] ==> dir [/lib/arm-linux-gnueabihf]
    arg [-L/usr/lib/arm-linux-gnueabihf] ==> dir [/usr/lib/arm-linux-gnueabihf]
    arg [CMakeFiles/cmTC_68811.dir/CMakeCXXCompilerABI.cpp.o] ==> ignore
    arg [-lstdc++] ==> lib [stdc++]
    arg [-lm] ==> lib [m]
    arg [-lgcc_s] ==> lib [gcc_s]
    arg [-lgcc] ==> lib [gcc]
    arg [-lc] ==> lib [c]
    arg [-lgcc_s] ==> lib [gcc_s]
    arg [-lgcc] ==> lib [gcc]
    arg [/usr/lib/gcc/arm-linux-gnueabihf/6/crtend.o] ==> obj [/usr/lib/gcc/arm-linux-gnueabihf/6/crtend.o]
    arg [/usr/lib/gcc/arm-linux-gnueabihf/6/../../../arm-linux-gnueabihf/crtn.o] ==> obj [/usr/lib/gcc/arm-linux-gnueabihf/6/../../../arm-linux-gnueabihf/crtn.o]
  collapse obj [/usr/lib/gcc/arm-linux-gnueabihf/6/../../../arm-linux-gnueabihf/crt1.o] ==> [/usr/lib/arm-linux-gnueabihf/crt1.o]
  collapse obj [/usr/lib/gcc/arm-linux-gnueabihf/6/../../../arm-linux-gnueabihf/crti.o] ==> [/usr/lib/arm-linux-gnueabihf/crti.o]
  collapse obj [/usr/lib/gcc/arm-linux-gnueabihf/6/../../../arm-linux-gnueabihf/crtn.o] ==> [/usr/lib/arm-linux-gnueabihf/crtn.o]
  collapse library dir [/usr/lib/gcc/arm-linux-gnueabihf/6] ==> [/usr/lib/gcc/arm-linux-gnueabihf/6]
  collapse library dir [/usr/lib/gcc/arm-linux-gnueabihf/6/../../../arm-linux-gnueabihf] ==> [/usr/lib/arm-linux-gnueabihf]
  collapse library dir [/usr/lib/gcc/arm-linux-gnueabihf/6/../../..] ==> [/usr/lib]
  collapse library dir [/lib/arm-linux-gnueabihf] ==> [/lib/arm-linux-gnueabihf]
  collapse library dir [/usr/lib/arm-linux-gnueabihf] ==> [/usr/lib/arm-linux-gnueabihf]
  implicit libs: [stdc++;m;gcc_s;gcc;c;gcc_s;gcc]
  implicit objs: [/usr/lib/arm-linux-gnueabihf/crt1.o;/usr/lib/arm-linux-gnueabihf/crti.o;/usr/lib/gcc/arm-linux-gnueabihf/6/crtbegin.o;/usr/lib/gcc/arm-linux-gnueabihf/6/crtend.o;/usr/lib/arm-linux-gnueabihf/crtn.o]
  implicit dirs: [/usr/lib/gcc/arm-linux-gnueabihf/6;/usr/lib/arm-linux-gnueabihf;/usr/lib;/lib/arm-linux-gnueabihf]
  implicit fwks: []


Performing C++ SOURCE FILE Test NULLPTR_SUPPORTED succeeded with the following output:
Change Dir: /home/pi/4diac/build/CMakeFiles/CMakeTmp

Run Build Command(s):/usr/bin/make -f Makefile cmTC_5fc54/fast && /usr/bin/make  -f CMakeFiles/cmTC_5fc54.dir/build.make CMakeFiles/cmTC_5fc54.dir/build
make[1]: Entering directory '/home/pi/4diac/build/CMakeFiles/CMakeTmp'
Building CXX object CMakeFiles/cmTC_5fc54.dir/src.cxx.o
/usr/bin/c++ -DNULLPTR_SUPPORTED   -o CMakeFiles/cmTC_5fc54.dir/src.cxx.o -c /home/pi/4diac/build/CMakeFiles/CMakeTmp/src.cxx
Linking CXX executable cmTC_5fc54
/snap/cmake/920/bin/cmake -E cmake_link_script CMakeFiles/cmTC_5fc54.dir/link.txt --verbose=1
/usr/bin/c++ -rdynamic CMakeFiles/cmTC_5fc54.dir/src.cxx.o -o cmTC_5fc54 
make[1]: Leaving directory '/home/pi/4diac/build/CMakeFiles/CMakeTmp'


Source file was:
int main() { void* p = nullptr; }
